<?xml version="1.0" encoding="UTF-8"?>
<!-- Generated by org.testng.reporters.JUnitReportReporter -->
<testsuite hostname="DESKTOP-SMT2BR0" failures="0" tests="3" name="Test.Connex_valide_invalide" time="69.603" errors="0" timestamp="2025-01-02T16:48:14 CET" skipped="0">
  <testcase classname="Test.Connex_valide_invalide" name="InvalidloginTest" time="15.701"/>
  <testcase classname="Test.Connex_valide_invalide" name="ValidloginTest" time="36.687"/>
  <testcase classname="Test.Connex_valide_invalide" name="MotDePasseOublié" time="17.215"/>
</testsuite> <!-- Test.Connex_valide_invalide -->
