<?xml version="1.0" encoding="UTF-8"?>
<testng-results ignored="0" total="1" passed="1" failed="0" skipped="0">
  <reporter-output>
  </reporter-output>
  <suite started-at="2024-12-28T12:47:24 CET" name="Default suite" finished-at="2024-12-28T12:47:29 CET" duration-ms="4144">
    <groups>
    </groups>
    <test started-at="2024-12-28T12:47:24 CET" name="Default test" finished-at="2024-12-28T12:47:29 CET" duration-ms="4144">
      <class name="Test.TestValidationPanier">
        <test-method is-config="true" signature="setUp()[pri:0, instance:Test.TestValidationPanier@eadd4fb]" started-at="2024-12-28T12:47:24 CET" name="setUp" finished-at="2024-12-28T12:47:28 CET" duration-ms="3593" status="PASS">
          <reporter-output>
          </reporter-output>
        </test-method> <!-- setUp -->
        <test-method signature="InvalidationPanier()[pri:0, instance:Test.TestValidationPanier@eadd4fb]" started-at="2024-12-28T12:47:28 CET" name="InvalidationPanier" finished-at="2024-12-28T12:47:28 CET" duration-ms="11" status="PASS">
          <reporter-output>
          </reporter-output>
        </test-method> <!-- InvalidationPanier -->
        <test-method is-config="true" signature="tearDown()[pri:0, instance:Test.TestValidationPanier@eadd4fb]" started-at="2024-12-28T12:47:28 CET" name="tearDown" finished-at="2024-12-28T12:47:29 CET" duration-ms="498" status="PASS">
          <reporter-output>
          </reporter-output>
        </test-method> <!-- tearDown -->
      </class> <!-- Test.TestValidationPanier -->
    </test> <!-- Default test -->
  </suite> <!-- Default suite -->
</testng-results>
